2024-06-11T11:07:54.015+03:00  INFO 22152 --- [Payment] [main] ru.gb.Payment.PaymentApplication         : Starting PaymentApplication using Java 21.0.1 with PID 22152 (D:\GeekBrains\Diplom\ShopWoW\EluneStore\Payment\target\classes started by Андрей in D:\GeekBrains\Diplom\ShopWoW\EluneStore\Payment)
2024-06-11T11:07:54.017+03:00  INFO 22152 --- [Payment] [main] ru.gb.Payment.PaymentApplication         : No active profile set, falling back to 1 default profile: "default"
2024-06-11T11:07:55.169+03:00  INFO 22152 --- [Payment] [main] o.s.cloud.context.scope.GenericScope     : BeanFactory id=fc83c094-1f91-38a7-9724-f72f367d0fe8
2024-06-11T11:07:55.495+03:00  WARN 22152 --- [Payment] [main] trationDelegate$BeanPostProcessorChecker : Bean 'org.springframework.cloud.client.loadbalancer.LoadBalancerAutoConfiguration$LoadBalancerInterceptorConfig' of type [org.springframework.cloud.client.loadbalancer.LoadBalancerAutoConfiguration$LoadBalancerInterceptorConfig] is not eligible for getting processed by all BeanPostProcessors (for example: not eligible for auto-proxying). The currently created BeanPostProcessor [lbRestClientPostProcessor] is declared through a non-static factory method on that class; consider declaring it as static instead.
2024-06-11T11:07:55.507+03:00  WARN 22152 --- [Payment] [main] trationDelegate$BeanPostProcessorChecker : Bean 'org.springframework.cloud.loadbalancer.config.BlockingLoadBalancerClientAutoConfiguration' of type [org.springframework.cloud.loadbalancer.config.BlockingLoadBalancerClientAutoConfiguration] is not eligible for getting processed by all BeanPostProcessors (for example: not eligible for auto-proxying). Is this bean getting eagerly injected into a currently created BeanPostProcessor [lbRestClientPostProcessor]? Check the corresponding BeanPostProcessor declaration and its dependencies.
2024-06-11T11:07:55.511+03:00  WARN 22152 --- [Payment] [main] trationDelegate$BeanPostProcessorChecker : Bean 'org.springframework.cloud.loadbalancer.config.LoadBalancerAutoConfiguration' of type [org.springframework.cloud.loadbalancer.config.LoadBalancerAutoConfiguration] is not eligible for getting processed by all BeanPostProcessors (for example: not eligible for auto-proxying). Is this bean getting eagerly injected into a currently created BeanPostProcessor [lbRestClientPostProcessor]? Check the corresponding BeanPostProcessor declaration and its dependencies.
2024-06-11T11:07:55.527+03:00  WARN 22152 --- [Payment] [main] trationDelegate$BeanPostProcessorChecker : Bean 'org.springframework.cloud.commons.config.CommonsConfigAutoConfiguration' of type [org.springframework.cloud.commons.config.CommonsConfigAutoConfiguration] is not eligible for getting processed by all BeanPostProcessors (for example: not eligible for auto-proxying). Is this bean getting eagerly injected into a currently created BeanPostProcessor [lbRestClientPostProcessor]? Check the corresponding BeanPostProcessor declaration and its dependencies.
2024-06-11T11:07:55.532+03:00  WARN 22152 --- [Payment] [main] trationDelegate$BeanPostProcessorChecker : Bean 'org.springframework.cloud.client.loadbalancer.LoadBalancerDefaultMappingsProviderAutoConfiguration' of type [org.springframework.cloud.client.loadbalancer.LoadBalancerDefaultMappingsProviderAutoConfiguration] is not eligible for getting processed by all BeanPostProcessors (for example: not eligible for auto-proxying). Is this bean getting eagerly injected into a currently created BeanPostProcessor [lbRestClientPostProcessor]? Check the corresponding BeanPostProcessor declaration and its dependencies.
2024-06-11T11:07:55.533+03:00  WARN 22152 --- [Payment] [main] trationDelegate$BeanPostProcessorChecker : Bean 'loadBalancerClientsDefaultsMappingsProvider' of type [org.springframework.cloud.client.loadbalancer.LoadBalancerDefaultMappingsProviderAutoConfiguration$$Lambda/0x00000236b43574b0] is not eligible for getting processed by all BeanPostProcessors (for example: not eligible for auto-proxying). Is this bean getting eagerly injected into a currently created BeanPostProcessor [lbRestClientPostProcessor]? Check the corresponding BeanPostProcessor declaration and its dependencies.
2024-06-11T11:07:55.536+03:00  WARN 22152 --- [Payment] [main] trationDelegate$BeanPostProcessorChecker : Bean 'defaultsBindHandlerAdvisor' of type [org.springframework.cloud.commons.config.DefaultsBindHandlerAdvisor] is not eligible for getting processed by all BeanPostProcessors (for example: not eligible for auto-proxying). Is this bean getting eagerly injected into a currently created BeanPostProcessor [lbRestClientPostProcessor]? Check the corresponding BeanPostProcessor declaration and its dependencies.
2024-06-11T11:07:55.549+03:00  WARN 22152 --- [Payment] [main] trationDelegate$BeanPostProcessorChecker : Bean 'spring.cloud.loadbalancer-org.springframework.cloud.client.loadbalancer.LoadBalancerClientsProperties' of type [org.springframework.cloud.client.loadbalancer.LoadBalancerClientsProperties] is not eligible for getting processed by all BeanPostProcessors (for example: not eligible for auto-proxying). Is this bean getting eagerly injected into a currently created BeanPostProcessor [lbRestClientPostProcessor]? Check the corresponding BeanPostProcessor declaration and its dependencies.
2024-06-11T11:07:55.565+03:00  WARN 22152 --- [Payment] [main] trationDelegate$BeanPostProcessorChecker : Bean 'default.org.springframework.cloud.loadbalancer.config.LoadBalancerAutoConfiguration.LoadBalancerClientSpecification' of type [org.springframework.cloud.loadbalancer.annotation.LoadBalancerClientSpecification] is not eligible for getting processed by all BeanPostProcessors (for example: not eligible for auto-proxying). Is this bean getting eagerly injected into a currently created BeanPostProcessor [lbRestClientPostProcessor]? Check the corresponding BeanPostProcessor declaration and its dependencies.
2024-06-11T11:07:55.567+03:00  WARN 22152 --- [Payment] [main] trationDelegate$BeanPostProcessorChecker : Bean 'default.org.springframework.cloud.loadbalancer.config.BlockingLoadBalancerClientAutoConfiguration.LoadBalancerClientSpecification' of type [org.springframework.cloud.loadbalancer.annotation.LoadBalancerClientSpecification] is not eligible for getting processed by all BeanPostProcessors (for example: not eligible for auto-proxying). Is this bean getting eagerly injected into a currently created BeanPostProcessor [lbRestClientPostProcessor]? Check the corresponding BeanPostProcessor declaration and its dependencies.
2024-06-11T11:07:55.568+03:00  WARN 22152 --- [Payment] [main] trationDelegate$BeanPostProcessorChecker : Bean 'default.org.springframework.cloud.netflix.eureka.loadbalancer.LoadBalancerEurekaAutoConfiguration.LoadBalancerClientSpecification' of type [org.springframework.cloud.loadbalancer.annotation.LoadBalancerClientSpecification] is not eligible for getting processed by all BeanPostProcessors (for example: not eligible for auto-proxying). Is this bean getting eagerly injected into a currently created BeanPostProcessor [lbRestClientPostProcessor]? Check the corresponding BeanPostProcessor declaration and its dependencies.
2024-06-11T11:07:55.570+03:00  WARN 22152 --- [Payment] [main] trationDelegate$BeanPostProcessorChecker : Bean 'loadBalancerClientFactory' of type [org.springframework.cloud.loadbalancer.support.LoadBalancerClientFactory] is not eligible for getting processed by all BeanPostProcessors (for example: not eligible for auto-proxying). Is this bean getting eagerly injected into a currently created BeanPostProcessor [lbRestClientPostProcessor]? Check the corresponding BeanPostProcessor declaration and its dependencies.
2024-06-11T11:07:55.578+03:00  WARN 22152 --- [Payment] [main] trationDelegate$BeanPostProcessorChecker : Bean 'blockingLoadBalancerClient' of type [org.springframework.cloud.loadbalancer.blocking.client.BlockingLoadBalancerClient] is not eligible for getting processed by all BeanPostProcessors (for example: not eligible for auto-proxying). Is this bean getting eagerly injected into a currently created BeanPostProcessor [lbRestClientPostProcessor]? Check the corresponding BeanPostProcessor declaration and its dependencies.
2024-06-11T11:07:55.591+03:00  WARN 22152 --- [Payment] [main] trationDelegate$BeanPostProcessorChecker : Bean 'loadBalancerServiceInstanceCookieTransformer' of type [org.springframework.cloud.loadbalancer.core.LoadBalancerServiceInstanceCookieTransformer] is not eligible for getting processed by all BeanPostProcessors (for example: not eligible for auto-proxying). Is this bean getting eagerly injected into a currently created BeanPostProcessor [lbRestClientPostProcessor]? Check the corresponding BeanPostProcessor declaration and its dependencies.
2024-06-11T11:07:55.593+03:00  WARN 22152 --- [Payment] [main] trationDelegate$BeanPostProcessorChecker : Bean 'xForwarderHeadersTransformer' of type [org.springframework.cloud.loadbalancer.blocking.XForwardedHeadersTransformer] is not eligible for getting processed by all BeanPostProcessors (for example: not eligible for auto-proxying). Is this bean getting eagerly injected into a currently created BeanPostProcessor [lbRestClientPostProcessor]? Check the corresponding BeanPostProcessor declaration and its dependencies.
2024-06-11T11:07:55.596+03:00  WARN 22152 --- [Payment] [main] trationDelegate$BeanPostProcessorChecker : Bean 'org.springframework.cloud.client.loadbalancer.LoadBalancerAutoConfiguration' of type [org.springframework.cloud.client.loadbalancer.LoadBalancerAutoConfiguration] is not eligible for getting processed by all BeanPostProcessors (for example: not eligible for auto-proxying). Is this bean getting eagerly injected into a currently created BeanPostProcessor [lbRestClientPostProcessor]? Check the corresponding BeanPostProcessor declaration and its dependencies.
2024-06-11T11:07:55.598+03:00  WARN 22152 --- [Payment] [main] trationDelegate$BeanPostProcessorChecker : Bean 'loadBalancerRequestFactory' of type [org.springframework.cloud.client.loadbalancer.LoadBalancerRequestFactory] is not eligible for getting processed by all BeanPostProcessors (for example: not eligible for auto-proxying). Is this bean getting eagerly injected into a currently created BeanPostProcessor [lbRestClientPostProcessor]? Check the corresponding BeanPostProcessor declaration and its dependencies.
2024-06-11T11:07:55.601+03:00  WARN 22152 --- [Payment] [main] trationDelegate$BeanPostProcessorChecker : Bean 'loadBalancerInterceptor' of type [org.springframework.cloud.client.loadbalancer.LoadBalancerInterceptor] is not eligible for getting processed by all BeanPostProcessors (for example: not eligible for auto-proxying). Is this bean getting eagerly injected into a currently created BeanPostProcessor [lbRestClientPostProcessor]? Check the corresponding BeanPostProcessor declaration and its dependencies.
2024-06-11T11:07:55.971+03:00  INFO 22152 --- [Payment] [main] o.s.b.w.embedded.tomcat.TomcatWebServer  : Tomcat initialized with port 8078 (http)
2024-06-11T11:07:55.988+03:00  INFO 22152 --- [Payment] [main] o.apache.catalina.core.StandardService   : Starting service [Tomcat]
2024-06-11T11:07:55.989+03:00  INFO 22152 --- [Payment] [main] o.apache.catalina.core.StandardEngine    : Starting Servlet engine: [Apache Tomcat/10.1.24]
2024-06-11T11:07:56.102+03:00  INFO 22152 --- [Payment] [main] o.a.c.c.C.[Tomcat].[localhost].[/]       : Initializing Spring embedded WebApplicationContext
2024-06-11T11:07:56.102+03:00  INFO 22152 --- [Payment] [main] w.s.c.ServletWebServerApplicationContext : Root WebApplicationContext: initialization completed in 2023 ms
2024-06-11T11:07:57.132+03:00  INFO 22152 --- [Payment] [main] DiscoveryClientOptionalArgsConfiguration : Eureka HTTP Client uses RestTemplate.
2024-06-11T11:07:57.192+03:00  WARN 22152 --- [Payment] [main] iguration$LoadBalancerCaffeineWarnLogger : Spring Cloud LoadBalancer is currently working with the default cache. While this cache implementation is useful for development and tests, it's recommended to use Caffeine cache in production.You can switch to using Caffeine cache, by adding it and org.springframework.cache.caffeine.CaffeineCacheManager to the classpath.
2024-06-11T11:07:57.230+03:00  INFO 22152 --- [Payment] [main] o.s.c.n.eureka.InstanceInfoFactory       : Setting initial instance status as: STARTING
2024-06-11T11:07:57.392+03:00  INFO 22152 --- [Payment] [main] com.netflix.discovery.DiscoveryClient    : Initializing Eureka in region us-east-1
2024-06-11T11:07:57.400+03:00  INFO 22152 --- [Payment] [main] c.n.d.s.r.aws.ConfigClusterResolver      : Resolving eureka endpoints via configuration
2024-06-11T11:07:57.436+03:00  INFO 22152 --- [Payment] [main] com.netflix.discovery.DiscoveryClient    : Disable delta property : false
2024-06-11T11:07:57.436+03:00  INFO 22152 --- [Payment] [main] com.netflix.discovery.DiscoveryClient    : Single vip registry refresh property : null
2024-06-11T11:07:57.436+03:00  INFO 22152 --- [Payment] [main] com.netflix.discovery.DiscoveryClient    : Force full registry fetch : false
2024-06-11T11:07:57.436+03:00  INFO 22152 --- [Payment] [main] com.netflix.discovery.DiscoveryClient    : Application is null : false
2024-06-11T11:07:57.436+03:00  INFO 22152 --- [Payment] [main] com.netflix.discovery.DiscoveryClient    : Registered Applications size is zero : true
2024-06-11T11:07:57.437+03:00  INFO 22152 --- [Payment] [main] com.netflix.discovery.DiscoveryClient    : Application version is -1: true
2024-06-11T11:07:57.437+03:00  INFO 22152 --- [Payment] [main] com.netflix.discovery.DiscoveryClient    : Getting all instance registry info from the eureka server
2024-06-11T11:07:57.940+03:00  INFO 22152 --- [Payment] [main] com.netflix.discovery.DiscoveryClient    : The response status is 200
2024-06-11T11:07:57.946+03:00  INFO 22152 --- [Payment] [main] com.netflix.discovery.DiscoveryClient    : Starting heartbeat executor: renew interval is: 30
2024-06-11T11:07:57.950+03:00  INFO 22152 --- [Payment] [main] c.n.discovery.InstanceInfoReplicator     : InstanceInfoReplicator onDemand update allowed rate per min is 4
2024-06-11T11:07:57.967+03:00  INFO 22152 --- [Payment] [main] com.netflix.discovery.DiscoveryClient    : Discovery Client initialized at timestamp 1718093277966 with initial instances count: 1
2024-06-11T11:07:57.971+03:00  INFO 22152 --- [Payment] [main] o.s.c.n.e.s.EurekaServiceRegistry        : Registering application PAYMENT with eureka with status UP
2024-06-11T11:07:57.973+03:00  INFO 22152 --- [Payment] [main] com.netflix.discovery.DiscoveryClient    : Saw local status change event StatusChangeEvent [timestamp=1718093277972, current=UP, previous=STARTING]
2024-06-11T11:07:57.974+03:00  INFO 22152 --- [Payment] [DiscoveryClient-InstanceInfoReplicator-0] com.netflix.discovery.DiscoveryClient    : DiscoveryClient_PAYMENT/host.docker.internal:Payment:8078: registering service...
2024-06-11T11:07:58.003+03:00  INFO 22152 --- [Payment] [main] o.s.b.w.embedded.tomcat.TomcatWebServer  : Tomcat started on port 8078 (http) with context path ''
2024-06-11T11:07:58.004+03:00  INFO 22152 --- [Payment] [main] .s.c.n.e.s.EurekaAutoServiceRegistration : Updating port to 8078
2024-06-11T11:07:58.027+03:00  INFO 22152 --- [Payment] [main] ru.gb.Payment.PaymentApplication         : Started PaymentApplication in 4.795 seconds (process running for 5.402)
2024-06-11T11:07:58.038+03:00  INFO 22152 --- [Payment] [DiscoveryClient-InstanceInfoReplicator-0] com.netflix.discovery.DiscoveryClient    : DiscoveryClient_PAYMENT/host.docker.internal:Payment:8078 - registration status: 204
2024-06-11T11:09:26.821+03:00  INFO 22152 --- [Payment] [http-nio-8078-exec-1] o.a.c.c.C.[Tomcat].[localhost].[/]       : Initializing Spring DispatcherServlet 'dispatcherServlet'
2024-06-11T11:09:26.821+03:00  INFO 22152 --- [Payment] [http-nio-8078-exec-1] o.s.web.servlet.DispatcherServlet        : Initializing Servlet 'dispatcherServlet'
2024-06-11T11:09:26.824+03:00  INFO 22152 --- [Payment] [http-nio-8078-exec-1] o.s.web.servlet.DispatcherServlet        : Completed initialization in 2 ms
2024-06-11T11:09:27.345+03:00  INFO 22152 --- [Payment] [http-nio-8078-exec-1] r.g.P.aspect.TrackUserActionAspect       : 
--------------------------------------------
Метод: toDoPay
Параметры: [1, 9142]
Время (мс): 419
Текущее время: 2024-06-11T11:09:27.338798900
--------------------------------------------
2024-06-11T11:09:33.234+03:00  INFO 22152 --- [Payment] [http-nio-8078-exec-2] r.g.P.aspect.TrackUserActionAspect       : 
--------------------------------------------
Метод: toDoPay
Параметры: [1, 3816]
Время (мс): 43
Текущее время: 2024-06-11T11:09:33.234135700
--------------------------------------------
2024-06-11T11:12:57.441+03:00  INFO 22152 --- [Payment] [AsyncResolver-bootstrap-executor-0] c.n.d.s.r.aws.ConfigClusterResolver      : Resolving eureka endpoints via configuration
2024-06-11T11:15:08.040+03:00  INFO 22152 --- [Payment] [SpringApplicationShutdownHook] o.s.c.n.e.s.EurekaServiceRegistry        : Unregistering application PAYMENT with eureka with status DOWN
2024-06-11T11:15:08.040+03:00  INFO 22152 --- [Payment] [SpringApplicationShutdownHook] com.netflix.discovery.DiscoveryClient    : Saw local status change event StatusChangeEvent [timestamp=1718093708040, current=DOWN, previous=UP]
2024-06-11T11:15:08.041+03:00  INFO 22152 --- [Payment] [DiscoveryClient-InstanceInfoReplicator-0] com.netflix.discovery.DiscoveryClient    : DiscoveryClient_PAYMENT/host.docker.internal:Payment:8078: registering service...
2024-06-11T11:15:08.048+03:00  INFO 22152 --- [Payment] [DiscoveryClient-InstanceInfoReplicator-0] com.netflix.discovery.DiscoveryClient    : DiscoveryClient_PAYMENT/host.docker.internal:Payment:8078 - registration status: 204
2024-06-11T11:15:08.056+03:00  INFO 22152 --- [Payment] [SpringApplicationShutdownHook] com.netflix.discovery.DiscoveryClient    : Shutting down DiscoveryClient ...
2024-06-11T11:15:11.060+03:00  INFO 22152 --- [Payment] [SpringApplicationShutdownHook] com.netflix.discovery.DiscoveryClient    : Unregistering ...
2024-06-11T11:15:11.067+03:00  INFO 22152 --- [Payment] [SpringApplicationShutdownHook] com.netflix.discovery.DiscoveryClient    : DiscoveryClient_PAYMENT/host.docker.internal:Payment:8078 - deregister  status: 200
2024-06-11T11:15:11.072+03:00  INFO 22152 --- [Payment] [SpringApplicationShutdownHook] com.netflix.discovery.DiscoveryClient    : Completed shut down of DiscoveryClient
