2024-06-11T11:07:38.347+03:00  INFO 21880 --- [Storage] [main] ru.gb.Storage.StorageApplication         : Starting StorageApplication using Java 21.0.1 with PID 21880 (D:\GeekBrains\Diplom\ShopWoW\EluneStore\Storage\target\classes started by Андрей in D:\GeekBrains\Diplom\ShopWoW\EluneStore\Storage)
2024-06-11T11:07:38.349+03:00  INFO 21880 --- [Storage] [main] ru.gb.Storage.StorageApplication         : No active profile set, falling back to 1 default profile: "default"
2024-06-11T11:07:39.582+03:00  INFO 21880 --- [Storage] [main] .s.d.r.c.RepositoryConfigurationDelegate : Bootstrapping Spring Data JPA repositories in DEFAULT mode.
2024-06-11T11:07:39.803+03:00  INFO 21880 --- [Storage] [main] .s.d.r.c.RepositoryConfigurationDelegate : Finished Spring Data repository scanning in 206 ms. Found 2 JPA repository interfaces.
2024-06-11T11:07:40.206+03:00  INFO 21880 --- [Storage] [main] o.s.cloud.context.scope.GenericScope     : BeanFactory id=c78674c2-ef2c-34a9-9d50-35b11a8a5784
2024-06-11T11:07:40.587+03:00  WARN 21880 --- [Storage] [main] trationDelegate$BeanPostProcessorChecker : Bean 'org.springframework.cloud.client.loadbalancer.LoadBalancerAutoConfiguration$LoadBalancerInterceptorConfig' of type [org.springframework.cloud.client.loadbalancer.LoadBalancerAutoConfiguration$LoadBalancerInterceptorConfig] is not eligible for getting processed by all BeanPostProcessors (for example: not eligible for auto-proxying). The currently created BeanPostProcessor [lbRestClientPostProcessor] is declared through a non-static factory method on that class; consider declaring it as static instead.
2024-06-11T11:07:40.592+03:00  WARN 21880 --- [Storage] [main] trationDelegate$BeanPostProcessorChecker : Bean 'org.springframework.cloud.loadbalancer.config.BlockingLoadBalancerClientAutoConfiguration' of type [org.springframework.cloud.loadbalancer.config.BlockingLoadBalancerClientAutoConfiguration] is not eligible for getting processed by all BeanPostProcessors (for example: not eligible for auto-proxying). Is this bean getting eagerly injected into a currently created BeanPostProcessor [lbRestClientPostProcessor]? Check the corresponding BeanPostProcessor declaration and its dependencies.
2024-06-11T11:07:40.595+03:00  WARN 21880 --- [Storage] [main] trationDelegate$BeanPostProcessorChecker : Bean 'org.springframework.cloud.loadbalancer.config.LoadBalancerAutoConfiguration' of type [org.springframework.cloud.loadbalancer.config.LoadBalancerAutoConfiguration] is not eligible for getting processed by all BeanPostProcessors (for example: not eligible for auto-proxying). Is this bean getting eagerly injected into a currently created BeanPostProcessor [lbRestClientPostProcessor]? Check the corresponding BeanPostProcessor declaration and its dependencies.
2024-06-11T11:07:40.609+03:00  WARN 21880 --- [Storage] [main] trationDelegate$BeanPostProcessorChecker : Bean 'org.springframework.cloud.commons.config.CommonsConfigAutoConfiguration' of type [org.springframework.cloud.commons.config.CommonsConfigAutoConfiguration] is not eligible for getting processed by all BeanPostProcessors (for example: not eligible for auto-proxying). Is this bean getting eagerly injected into a currently created BeanPostProcessor [lbRestClientPostProcessor]? Check the corresponding BeanPostProcessor declaration and its dependencies.
2024-06-11T11:07:40.615+03:00  WARN 21880 --- [Storage] [main] trationDelegate$BeanPostProcessorChecker : Bean 'org.springframework.cloud.client.loadbalancer.LoadBalancerDefaultMappingsProviderAutoConfiguration' of type [org.springframework.cloud.client.loadbalancer.LoadBalancerDefaultMappingsProviderAutoConfiguration] is not eligible for getting processed by all BeanPostProcessors (for example: not eligible for auto-proxying). Is this bean getting eagerly injected into a currently created BeanPostProcessor [lbRestClientPostProcessor]? Check the corresponding BeanPostProcessor declaration and its dependencies.
2024-06-11T11:07:40.618+03:00  WARN 21880 --- [Storage] [main] trationDelegate$BeanPostProcessorChecker : Bean 'loadBalancerClientsDefaultsMappingsProvider' of type [org.springframework.cloud.client.loadbalancer.LoadBalancerDefaultMappingsProviderAutoConfiguration$$Lambda/0x00000210103fe7b0] is not eligible for getting processed by all BeanPostProcessors (for example: not eligible for auto-proxying). Is this bean getting eagerly injected into a currently created BeanPostProcessor [lbRestClientPostProcessor]? Check the corresponding BeanPostProcessor declaration and its dependencies.
2024-06-11T11:07:40.621+03:00  WARN 21880 --- [Storage] [main] trationDelegate$BeanPostProcessorChecker : Bean 'defaultsBindHandlerAdvisor' of type [org.springframework.cloud.commons.config.DefaultsBindHandlerAdvisor] is not eligible for getting processed by all BeanPostProcessors (for example: not eligible for auto-proxying). Is this bean getting eagerly injected into a currently created BeanPostProcessor [lbRestClientPostProcessor]? Check the corresponding BeanPostProcessor declaration and its dependencies.
2024-06-11T11:07:40.640+03:00  WARN 21880 --- [Storage] [main] trationDelegate$BeanPostProcessorChecker : Bean 'spring.cloud.loadbalancer-org.springframework.cloud.client.loadbalancer.LoadBalancerClientsProperties' of type [org.springframework.cloud.client.loadbalancer.LoadBalancerClientsProperties] is not eligible for getting processed by all BeanPostProcessors (for example: not eligible for auto-proxying). Is this bean getting eagerly injected into a currently created BeanPostProcessor [lbRestClientPostProcessor]? Check the corresponding BeanPostProcessor declaration and its dependencies.
2024-06-11T11:07:40.655+03:00  WARN 21880 --- [Storage] [main] trationDelegate$BeanPostProcessorChecker : Bean 'default.org.springframework.cloud.loadbalancer.config.LoadBalancerAutoConfiguration.LoadBalancerClientSpecification' of type [org.springframework.cloud.loadbalancer.annotation.LoadBalancerClientSpecification] is not eligible for getting processed by all BeanPostProcessors (for example: not eligible for auto-proxying). Is this bean getting eagerly injected into a currently created BeanPostProcessor [lbRestClientPostProcessor]? Check the corresponding BeanPostProcessor declaration and its dependencies.
2024-06-11T11:07:40.659+03:00  WARN 21880 --- [Storage] [main] trationDelegate$BeanPostProcessorChecker : Bean 'default.org.springframework.cloud.loadbalancer.config.BlockingLoadBalancerClientAutoConfiguration.LoadBalancerClientSpecification' of type [org.springframework.cloud.loadbalancer.annotation.LoadBalancerClientSpecification] is not eligible for getting processed by all BeanPostProcessors (for example: not eligible for auto-proxying). Is this bean getting eagerly injected into a currently created BeanPostProcessor [lbRestClientPostProcessor]? Check the corresponding BeanPostProcessor declaration and its dependencies.
2024-06-11T11:07:40.661+03:00  WARN 21880 --- [Storage] [main] trationDelegate$BeanPostProcessorChecker : Bean 'default.org.springframework.cloud.netflix.eureka.loadbalancer.LoadBalancerEurekaAutoConfiguration.LoadBalancerClientSpecification' of type [org.springframework.cloud.loadbalancer.annotation.LoadBalancerClientSpecification] is not eligible for getting processed by all BeanPostProcessors (for example: not eligible for auto-proxying). Is this bean getting eagerly injected into a currently created BeanPostProcessor [lbRestClientPostProcessor]? Check the corresponding BeanPostProcessor declaration and its dependencies.
2024-06-11T11:07:40.664+03:00  WARN 21880 --- [Storage] [main] trationDelegate$BeanPostProcessorChecker : Bean 'loadBalancerClientFactory' of type [org.springframework.cloud.loadbalancer.support.LoadBalancerClientFactory] is not eligible for getting processed by all BeanPostProcessors (for example: not eligible for auto-proxying). Is this bean getting eagerly injected into a currently created BeanPostProcessor [lbRestClientPostProcessor]? Check the corresponding BeanPostProcessor declaration and its dependencies.
2024-06-11T11:07:40.674+03:00  WARN 21880 --- [Storage] [main] trationDelegate$BeanPostProcessorChecker : Bean 'blockingLoadBalancerClient' of type [org.springframework.cloud.loadbalancer.blocking.client.BlockingLoadBalancerClient] is not eligible for getting processed by all BeanPostProcessors (for example: not eligible for auto-proxying). Is this bean getting eagerly injected into a currently created BeanPostProcessor [lbRestClientPostProcessor]? Check the corresponding BeanPostProcessor declaration and its dependencies.
2024-06-11T11:07:40.694+03:00  WARN 21880 --- [Storage] [main] trationDelegate$BeanPostProcessorChecker : Bean 'loadBalancerServiceInstanceCookieTransformer' of type [org.springframework.cloud.loadbalancer.core.LoadBalancerServiceInstanceCookieTransformer] is not eligible for getting processed by all BeanPostProcessors (for example: not eligible for auto-proxying). Is this bean getting eagerly injected into a currently created BeanPostProcessor [lbRestClientPostProcessor]? Check the corresponding BeanPostProcessor declaration and its dependencies.
2024-06-11T11:07:40.696+03:00  WARN 21880 --- [Storage] [main] trationDelegate$BeanPostProcessorChecker : Bean 'xForwarderHeadersTransformer' of type [org.springframework.cloud.loadbalancer.blocking.XForwardedHeadersTransformer] is not eligible for getting processed by all BeanPostProcessors (for example: not eligible for auto-proxying). Is this bean getting eagerly injected into a currently created BeanPostProcessor [lbRestClientPostProcessor]? Check the corresponding BeanPostProcessor declaration and its dependencies.
2024-06-11T11:07:40.699+03:00  WARN 21880 --- [Storage] [main] trationDelegate$BeanPostProcessorChecker : Bean 'org.springframework.cloud.client.loadbalancer.LoadBalancerAutoConfiguration' of type [org.springframework.cloud.client.loadbalancer.LoadBalancerAutoConfiguration] is not eligible for getting processed by all BeanPostProcessors (for example: not eligible for auto-proxying). Is this bean getting eagerly injected into a currently created BeanPostProcessor [lbRestClientPostProcessor]? Check the corresponding BeanPostProcessor declaration and its dependencies.
2024-06-11T11:07:40.703+03:00  WARN 21880 --- [Storage] [main] trationDelegate$BeanPostProcessorChecker : Bean 'loadBalancerRequestFactory' of type [org.springframework.cloud.client.loadbalancer.LoadBalancerRequestFactory] is not eligible for getting processed by all BeanPostProcessors (for example: not eligible for auto-proxying). Is this bean getting eagerly injected into a currently created BeanPostProcessor [lbRestClientPostProcessor]? Check the corresponding BeanPostProcessor declaration and its dependencies.
2024-06-11T11:07:40.706+03:00  WARN 21880 --- [Storage] [main] trationDelegate$BeanPostProcessorChecker : Bean 'loadBalancerInterceptor' of type [org.springframework.cloud.client.loadbalancer.LoadBalancerInterceptor] is not eligible for getting processed by all BeanPostProcessors (for example: not eligible for auto-proxying). Is this bean getting eagerly injected into a currently created BeanPostProcessor [lbRestClientPostProcessor]? Check the corresponding BeanPostProcessor declaration and its dependencies.
2024-06-11T11:07:41.144+03:00  INFO 21880 --- [Storage] [main] o.s.b.w.embedded.tomcat.TomcatWebServer  : Tomcat initialized with port 8079 (http)
2024-06-11T11:07:41.163+03:00  INFO 21880 --- [Storage] [main] o.apache.catalina.core.StandardService   : Starting service [Tomcat]
2024-06-11T11:07:41.164+03:00  INFO 21880 --- [Storage] [main] o.apache.catalina.core.StandardEngine    : Starting Servlet engine: [Apache Tomcat/10.1.24]
2024-06-11T11:07:41.287+03:00  INFO 21880 --- [Storage] [main] o.a.c.c.C.[Tomcat].[localhost].[/]       : Initializing Spring embedded WebApplicationContext
2024-06-11T11:07:41.288+03:00  INFO 21880 --- [Storage] [main] w.s.c.ServletWebServerApplicationContext : Root WebApplicationContext: initialization completed in 2878 ms
2024-06-11T11:07:41.595+03:00  INFO 21880 --- [Storage] [main] o.hibernate.jpa.internal.util.LogHelper  : HHH000204: Processing PersistenceUnitInfo [name: default]
2024-06-11T11:07:41.673+03:00  INFO 21880 --- [Storage] [main] org.hibernate.Version                    : HHH000412: Hibernate ORM core version 6.4.8.Final
2024-06-11T11:07:41.721+03:00  INFO 21880 --- [Storage] [main] o.h.c.internal.RegionFactoryInitiator    : HHH000026: Second-level cache disabled
2024-06-11T11:07:42.016+03:00  INFO 21880 --- [Storage] [main] o.s.o.j.p.SpringPersistenceUnitInfo      : No LoadTimeWeaver setup: ignoring JPA class transformer
2024-06-11T11:07:42.054+03:00  INFO 21880 --- [Storage] [main] com.zaxxer.hikari.HikariDataSource       : HikariPool-1 - Starting...
2024-06-11T11:07:42.324+03:00  INFO 21880 --- [Storage] [main] com.zaxxer.hikari.pool.HikariPool        : HikariPool-1 - Added connection org.postgresql.jdbc.PgConnection@552bee2f
2024-06-11T11:07:42.326+03:00  INFO 21880 --- [Storage] [main] com.zaxxer.hikari.HikariDataSource       : HikariPool-1 - Start completed.
2024-06-11T11:07:43.456+03:00  INFO 21880 --- [Storage] [main] o.h.e.t.j.p.i.JtaPlatformInitiator       : HHH000489: No JTA platform available (set 'hibernate.transaction.jta.platform' to enable JTA platform integration)
2024-06-11T11:07:43.523+03:00  INFO 21880 --- [Storage] [main] j.LocalContainerEntityManagerFactoryBean : Initialized JPA EntityManagerFactory for persistence unit 'default'
2024-06-11T11:07:44.074+03:00  INFO 21880 --- [Storage] [main] o.s.d.j.r.query.QueryEnhancerFactory     : Hibernate is in classpath; If applicable, HQL parser will be used.
2024-06-11T11:07:44.180+03:00  WARN 21880 --- [Storage] [main] JpaBaseConfiguration$JpaWebConfiguration : spring.jpa.open-in-view is enabled by default. Therefore, database queries may be performed during view rendering. Explicitly configure spring.jpa.open-in-view to disable this warning
2024-06-11T11:07:44.447+03:00  INFO 21880 --- [Storage] [main] o.s.b.a.w.s.WelcomePageHandlerMapping    : Adding welcome page template: index
2024-06-11T11:07:44.735+03:00  INFO 21880 --- [Storage] [main] o.s.s.web.DefaultSecurityFilterChain     : Will secure any request with [org.springframework.security.web.session.DisableEncodeUrlFilter@38568876, org.springframework.security.web.context.request.async.WebAsyncManagerIntegrationFilter@760ac834, org.springframework.security.web.context.SecurityContextHolderFilter@30a99b85, org.springframework.security.web.header.HeaderWriterFilter@7a8e484b, org.springframework.web.filter.CorsFilter@6c4c32ff, org.springframework.security.web.authentication.logout.LogoutFilter@335a45a8, org.springframework.security.web.authentication.UsernamePasswordAuthenticationFilter@5f662dd, org.springframework.security.web.savedrequest.RequestCacheAwareFilter@20bf7206, org.springframework.security.web.servletapi.SecurityContextHolderAwareRequestFilter@4cb939d5, org.springframework.security.web.authentication.AnonymousAuthenticationFilter@5a1a5521, org.springframework.security.web.access.ExceptionTranslationFilter@551976c2, org.springframework.security.web.access.intercept.AuthorizationFilter@5799b8a2]
2024-06-11T11:07:45.239+03:00  INFO 21880 --- [Storage] [main] DiscoveryClientOptionalArgsConfiguration : Eureka HTTP Client uses RestTemplate.
2024-06-11T11:07:45.317+03:00  WARN 21880 --- [Storage] [main] iguration$LoadBalancerCaffeineWarnLogger : Spring Cloud LoadBalancer is currently working with the default cache. While this cache implementation is useful for development and tests, it's recommended to use Caffeine cache in production.You can switch to using Caffeine cache, by adding it and org.springframework.cache.caffeine.CaffeineCacheManager to the classpath.
2024-06-11T11:07:45.371+03:00  INFO 21880 --- [Storage] [main] o.s.c.n.eureka.InstanceInfoFactory       : Setting initial instance status as: STARTING
2024-06-11T11:07:45.576+03:00  INFO 21880 --- [Storage] [main] com.netflix.discovery.DiscoveryClient    : Initializing Eureka in region us-east-1
2024-06-11T11:07:45.582+03:00  INFO 21880 --- [Storage] [main] c.n.d.s.r.aws.ConfigClusterResolver      : Resolving eureka endpoints via configuration
2024-06-11T11:07:45.613+03:00  INFO 21880 --- [Storage] [main] com.netflix.discovery.DiscoveryClient    : Disable delta property : false
2024-06-11T11:07:45.613+03:00  INFO 21880 --- [Storage] [main] com.netflix.discovery.DiscoveryClient    : Single vip registry refresh property : null
2024-06-11T11:07:45.613+03:00  INFO 21880 --- [Storage] [main] com.netflix.discovery.DiscoveryClient    : Force full registry fetch : false
2024-06-11T11:07:45.614+03:00  INFO 21880 --- [Storage] [main] com.netflix.discovery.DiscoveryClient    : Application is null : false
2024-06-11T11:07:45.614+03:00  INFO 21880 --- [Storage] [main] com.netflix.discovery.DiscoveryClient    : Registered Applications size is zero : true
2024-06-11T11:07:45.614+03:00  INFO 21880 --- [Storage] [main] com.netflix.discovery.DiscoveryClient    : Application version is -1: true
2024-06-11T11:07:45.614+03:00  INFO 21880 --- [Storage] [main] com.netflix.discovery.DiscoveryClient    : Getting all instance registry info from the eureka server
2024-06-11T11:07:46.098+03:00  INFO 21880 --- [Storage] [main] com.netflix.discovery.DiscoveryClient    : The response status is 200
2024-06-11T11:07:46.102+03:00  INFO 21880 --- [Storage] [main] com.netflix.discovery.DiscoveryClient    : Starting heartbeat executor: renew interval is: 30
2024-06-11T11:07:46.107+03:00  INFO 21880 --- [Storage] [main] c.n.discovery.InstanceInfoReplicator     : InstanceInfoReplicator onDemand update allowed rate per min is 4
2024-06-11T11:07:46.114+03:00  INFO 21880 --- [Storage] [main] com.netflix.discovery.DiscoveryClient    : Discovery Client initialized at timestamp 1718093266113 with initial instances count: 1
2024-06-11T11:07:46.120+03:00  INFO 21880 --- [Storage] [main] o.s.c.n.e.s.EurekaServiceRegistry        : Registering application STORAGE with eureka with status UP
2024-06-11T11:07:46.121+03:00  INFO 21880 --- [Storage] [main] com.netflix.discovery.DiscoveryClient    : Saw local status change event StatusChangeEvent [timestamp=1718093266121, current=UP, previous=STARTING]
2024-06-11T11:07:46.123+03:00  INFO 21880 --- [Storage] [DiscoveryClient-InstanceInfoReplicator-0] com.netflix.discovery.DiscoveryClient    : DiscoveryClient_STORAGE/host.docker.internal:Storage:8079: registering service...
2024-06-11T11:07:46.151+03:00  INFO 21880 --- [Storage] [main] o.s.b.w.embedded.tomcat.TomcatWebServer  : Tomcat started on port 8079 (http) with context path ''
2024-06-11T11:07:46.153+03:00  INFO 21880 --- [Storage] [main] .s.c.n.e.s.EurekaAutoServiceRegistration : Updating port to 8079
2024-06-11T11:07:46.170+03:00  INFO 21880 --- [Storage] [main] ru.gb.Storage.StorageApplication         : Started StorageApplication in 8.629 seconds (process running for 9.372)
2024-06-11T11:07:46.182+03:00  INFO 21880 --- [Storage] [DiscoveryClient-InstanceInfoReplicator-0] com.netflix.discovery.DiscoveryClient    : DiscoveryClient_STORAGE/host.docker.internal:Storage:8079 - registration status: 204
2024-06-11T11:08:49.456+03:00  INFO 21880 --- [Storage] [http-nio-8079-exec-1] o.a.c.c.C.[Tomcat].[localhost].[/]       : Initializing Spring DispatcherServlet 'dispatcherServlet'
2024-06-11T11:08:49.456+03:00  INFO 21880 --- [Storage] [http-nio-8079-exec-1] o.s.web.servlet.DispatcherServlet        : Initializing Servlet 'dispatcherServlet'
2024-06-11T11:08:49.458+03:00  INFO 21880 --- [Storage] [http-nio-8079-exec-1] o.s.web.servlet.DispatcherServlet        : Completed initialization in 2 ms
2024-06-11T11:09:26.707+03:00  INFO 21880 --- [Storage] [http-nio-8079-exec-10] r.g.S.aspect.TrackUserActionAspect       : 
--------------------------------------------
Пользователь: anonymousUser
Метод: decreaseQuantityById
Параметры: [3]
Время (мс): 72
--------------------------------------------
2024-06-11T11:09:33.182+03:00  INFO 21880 --- [Storage] [http-nio-8079-exec-6] r.g.S.aspect.TrackUserActionAspect       : 
--------------------------------------------
Пользователь: anonymousUser
Метод: decreaseQuantityById
Параметры: [1]
Время (мс): 26
--------------------------------------------
2024-06-11T11:12:45.618+03:00  INFO 21880 --- [Storage] [AsyncResolver-bootstrap-executor-0] c.n.d.s.r.aws.ConfigClusterResolver      : Resolving eureka endpoints via configuration
2024-06-11T11:15:02.657+03:00  INFO 21880 --- [Storage] [SpringApplicationShutdownHook] o.s.c.n.e.s.EurekaServiceRegistry        : Unregistering application STORAGE with eureka with status DOWN
2024-06-11T11:15:02.657+03:00  INFO 21880 --- [Storage] [SpringApplicationShutdownHook] com.netflix.discovery.DiscoveryClient    : Saw local status change event StatusChangeEvent [timestamp=1718093702657, current=DOWN, previous=UP]
2024-06-11T11:15:02.658+03:00  INFO 21880 --- [Storage] [DiscoveryClient-InstanceInfoReplicator-0] com.netflix.discovery.DiscoveryClient    : DiscoveryClient_STORAGE/host.docker.internal:Storage:8079: registering service...
2024-06-11T11:15:02.665+03:00  INFO 21880 --- [Storage] [DiscoveryClient-InstanceInfoReplicator-0] com.netflix.discovery.DiscoveryClient    : DiscoveryClient_STORAGE/host.docker.internal:Storage:8079 - registration status: 204
2024-06-11T11:15:02.670+03:00  INFO 21880 --- [Storage] [SpringApplicationShutdownHook] j.LocalContainerEntityManagerFactoryBean : Closing JPA EntityManagerFactory for persistence unit 'default'
2024-06-11T11:15:02.672+03:00  INFO 21880 --- [Storage] [SpringApplicationShutdownHook] com.zaxxer.hikari.HikariDataSource       : HikariPool-1 - Shutdown initiated...
2024-06-11T11:15:02.678+03:00  INFO 21880 --- [Storage] [SpringApplicationShutdownHook] com.zaxxer.hikari.HikariDataSource       : HikariPool-1 - Shutdown completed.
2024-06-11T11:15:02.683+03:00  INFO 21880 --- [Storage] [SpringApplicationShutdownHook] com.netflix.discovery.DiscoveryClient    : Shutting down DiscoveryClient ...
2024-06-11T11:15:05.685+03:00  INFO 21880 --- [Storage] [SpringApplicationShutdownHook] com.netflix.discovery.DiscoveryClient    : Unregistering ...
2024-06-11T11:15:05.692+03:00  INFO 21880 --- [Storage] [SpringApplicationShutdownHook] com.netflix.discovery.DiscoveryClient    : DiscoveryClient_STORAGE/host.docker.internal:Storage:8079 - deregister  status: 200
2024-06-11T11:15:05.698+03:00  INFO 21880 --- [Storage] [SpringApplicationShutdownHook] com.netflix.discovery.DiscoveryClient    : Completed shut down of DiscoveryClient
